27-09-2019 16:28:56.826 [main] INFO  j.r.e.peru.app.Service.testService.logStartupProfileInfo - No active profile set, falling back to default profiles: default
27-09-2019 16:29:01.122 [main] INFO  o.s.d.r.c.RepositoryConfigurationDelegate.registerRepositoriesIn - Bootstrapping Spring Data repositories in DEFAULT mode.
27-09-2019 16:29:02.088 [main] INFO  o.s.d.r.c.RepositoryConfigurationDelegate.registerRepositoriesIn - Finished Spring Data repository scanning in 944ms. Found 2 repository interfaces.
27-09-2019 16:29:02.099 [main] INFO  o.s.d.r.c.RepositoryConfigurationDelegate.registerRepositoriesIn - Bootstrapping Spring Data repositories in DEFAULT mode.
27-09-2019 16:29:02.141 [main] INFO  o.s.d.r.c.RepositoryConfigurationDelegate.registerRepositoriesIn - Finished Spring Data repository scanning in 31ms. Found 0 repository interfaces.
27-09-2019 16:29:02.663 [main] WARN  o.s.boot.actuate.endpoint.EndpointId.logWarning - Endpoint ID 'service-registry' contains invalid characters, please migrate to a valid format.
27-09-2019 16:29:03.479 [main] INFO  o.s.cloud.context.scope.GenericScope.setSerializationId - BeanFactory id=313f7031-ddbc-3056-bf5f-907eccb4e960
27-09-2019 16:29:04.211 [main] INFO  o.s.c.s.PostProcessorRegistrationDelegate$BeanPostProcessorChecker.postProcessAfterInitialization - Bean 'org.springframework.cloud.autoconfigure.ConfigurationPropertiesRebinderAutoConfiguration' of type [org.springframework.cloud.autoconfigure.ConfigurationPropertiesRebinderAutoConfiguration$$EnhancerBySpringCGLIB$$575a151d] is not eligible for getting processed by all BeanPostProcessors (for example: not eligible for auto-proxying)
27-09-2019 16:29:06.580 [main] INFO  org.mongodb.driver.cluster.info - Cluster created with settings {hosts=[localhost:27017], mode=SINGLE, requiredClusterType=UNKNOWN, serverSelectionTimeout='30000 ms', maxWaitQueueSize=500}
27-09-2019 16:29:09.210 [main] INFO  org.mongodb.driver.cluster.info - Cluster created with settings {hosts=[localhost:27017], mode=SINGLE, requiredClusterType=UNKNOWN, serverSelectionTimeout='30000 ms', maxWaitQueueSize=500}
27-09-2019 16:29:09.433 [cluster-ClusterId{value='5d8e7f25f06fc3512424a817', description='null'}-localhost:27017] INFO  org.mongodb.driver.connection.info - Opened connection [connectionId{localValue:2, serverValue:3237}] to localhost:27017
27-09-2019 16:29:09.544 [cluster-ClusterId{value='5d8e7f25f06fc3512424a817', description='null'}-localhost:27017] INFO  org.mongodb.driver.cluster.info - Monitor thread successfully connected to server with description ServerDescription{address=localhost:27017, type=STANDALONE, state=CONNECTED, ok=true, version=ServerVersion{versionList=[4, 2, 0]}, minWireVersion=0, maxWireVersion=8, maxDocumentSize=16777216, logicalSessionTimeoutMinutes=30, roundTripTimeNanos=7874504}
27-09-2019 16:29:10.738 [cluster-ClusterId{value='5d8e7f22f06fc3512424a816', description='null'}-localhost:27017] INFO  org.mongodb.driver.connection.info - Opened connection [connectionId{localValue:1, serverValue:3238}] to localhost:27017
27-09-2019 16:29:10.756 [cluster-ClusterId{value='5d8e7f22f06fc3512424a816', description='null'}-localhost:27017] INFO  org.mongodb.driver.cluster.info - Monitor thread successfully connected to server with description ServerDescription{address=localhost:27017, type=STANDALONE, state=CONNECTED, ok=true, version=ServerVersion{versionList=[4, 2, 0]}, minWireVersion=0, maxWireVersion=8, maxDocumentSize=16777216, logicalSessionTimeoutMinutes=30, roundTripTimeNanos=6931135}
27-09-2019 16:29:19.038 [main] WARN  c.n.c.sources.URLConfigurationSource.<init> - No URLs will be polled as dynamic configuration sources.
27-09-2019 16:29:19.039 [main] INFO  c.n.c.sources.URLConfigurationSource.<init> - To enable URLs as dynamic configuration sources, define System property archaius.configurationSource.additionalUrls or make config.properties available on classpath.
27-09-2019 16:29:19.115 [main] INFO  c.n.config.DynamicPropertyFactory.getInstance - DynamicPropertyFactory is initialized with configuration sources: com.netflix.config.ConcurrentCompositeConfiguration@5560b64d
27-09-2019 16:29:20.005 [main] INFO  o.s.b.a.e.web.EndpointLinksResolver.<init> - Exposing 2 endpoint(s) beneath base path '/actuator'
27-09-2019 16:29:21.184 [main] WARN  c.n.c.sources.URLConfigurationSource.<init> - No URLs will be polled as dynamic configuration sources.
27-09-2019 16:29:21.185 [main] INFO  c.n.c.sources.URLConfigurationSource.<init> - To enable URLs as dynamic configuration sources, define System property archaius.configurationSource.additionalUrls or make config.properties available on classpath.
27-09-2019 16:29:22.330 [main] WARN  o.s.b.a.t.ThymeleafAutoConfiguration$DefaultTemplateResolverConfiguration.checkTemplateLocationExists - Cannot find template location: classpath:/templates/ (please add some templates or check your Thymeleaf configuration)
27-09-2019 16:29:27.568 [main] INFO  o.s.c.n.eureka.InstanceInfoFactory.create - Setting initial instance status as: STARTING
27-09-2019 16:29:28.917 [main] INFO  c.netflix.discovery.DiscoveryClient.<init> - Initializing Eureka in region us-east-1
27-09-2019 16:29:29.661 [main] INFO  c.n.d.p.DiscoveryJerseyProvider.<init> - Using JSON encoding codec LegacyJacksonJson
27-09-2019 16:29:29.662 [main] INFO  c.n.d.p.DiscoveryJerseyProvider.<init> - Using JSON decoding codec LegacyJacksonJson
27-09-2019 16:29:30.379 [main] INFO  c.n.d.p.DiscoveryJerseyProvider.<init> - Using XML encoding codec XStreamXml
27-09-2019 16:29:30.380 [main] INFO  c.n.d.p.DiscoveryJerseyProvider.<init> - Using XML decoding codec XStreamXml
27-09-2019 16:29:31.032 [main] INFO  c.n.d.s.r.aws.ConfigClusterResolver.getClusterEndpoints - Resolving eureka endpoints via configuration
27-09-2019 16:29:32.046 [main] INFO  c.netflix.discovery.DiscoveryClient.fetchRegistry - Disable delta property : false
27-09-2019 16:29:32.048 [main] INFO  c.netflix.discovery.DiscoveryClient.fetchRegistry - Single vip registry refresh property : null
27-09-2019 16:29:32.048 [main] INFO  c.netflix.discovery.DiscoveryClient.fetchRegistry - Force full registry fetch : false
27-09-2019 16:29:32.049 [main] INFO  c.netflix.discovery.DiscoveryClient.fetchRegistry - Application is null : false
27-09-2019 16:29:32.050 [main] INFO  c.netflix.discovery.DiscoveryClient.fetchRegistry - Registered Applications size is zero : true
27-09-2019 16:29:32.052 [main] INFO  c.netflix.discovery.DiscoveryClient.fetchRegistry - Application version is -1: true
27-09-2019 16:29:32.053 [main] INFO  c.netflix.discovery.DiscoveryClient.getAndStoreFullRegistry - Getting all instance registry info from the eureka server
27-09-2019 16:29:32.406 [main] INFO  c.netflix.discovery.DiscoveryClient.getAndStoreFullRegistry - The response status is 200
27-09-2019 16:29:32.411 [main] INFO  c.netflix.discovery.DiscoveryClient.initScheduledTasks - Starting heartbeat executor: renew interval is: 30
27-09-2019 16:29:32.417 [main] INFO  c.n.discovery.InstanceInfoReplicator.<init> - InstanceInfoReplicator onDemand update allowed rate per min is 4
27-09-2019 16:29:32.436 [main] INFO  c.netflix.discovery.DiscoveryClient.<init> - Discovery Client initialized at timestamp 1569619772421 with initial instances count: 1
27-09-2019 16:29:32.448 [main] INFO  o.s.c.n.e.s.EurekaServiceRegistry.register - Registering application SPRING-TEACHERS with eureka with status UP
27-09-2019 16:29:32.450 [main] INFO  c.netflix.discovery.DiscoveryClient.notify - Saw local status change event StatusChangeEvent [timestamp=1569619772450, current=UP, previous=STARTING]
27-09-2019 16:29:32.455 [DiscoveryClient-InstanceInfoReplicator-0] INFO  c.netflix.discovery.DiscoveryClient.register - DiscoveryClient_SPRING-TEACHERS/LIM-FLTWM72.usersad.everis.int:spring-teachers:8085: registering service...
27-09-2019 16:29:32.455 [main] INFO  s.d.s.w.p.DocumentationPluginsBootstrapper.start - Documentation plugins bootstrapped
27-09-2019 16:29:32.482 [main] INFO  s.d.s.w.p.DocumentationPluginsBootstrapper.bootstrapDocumentationPlugins - Found 1 custom documentation plugin(s)
27-09-2019 16:29:32.602 [main] INFO  s.d.s.w.s.ApiListingReferenceScanner.scan - Scanning for api listing references
27-09-2019 16:29:32.609 [DiscoveryClient-InstanceInfoReplicator-0] INFO  c.netflix.discovery.DiscoveryClient.register - DiscoveryClient_SPRING-TEACHERS/LIM-FLTWM72.usersad.everis.int:spring-teachers:8085 - registration status: 204
27-09-2019 16:29:33.618 [main] INFO  s.d.s.w.r.o.CachingOperationNameGenerator.startingWith - Generating unique operation named: handleUsingGET_1
27-09-2019 16:29:33.711 [main] INFO  s.d.s.w.r.o.CachingOperationNameGenerator.startingWith - Generating unique operation named: handleUsingGET_2
27-09-2019 16:29:33.984 [main] INFO  s.d.s.w.r.o.CachingOperationNameGenerator.startingWith - Generating unique operation named: handleUsingGET_3
27-09-2019 16:29:34.660 [main] INFO  j.r.e.peru.app.Service.testService.logStarted - Started testService in 49.529 seconds (JVM running for 56.146)
27-09-2019 16:29:35.124 [nioEventLoopGroup-2-2] INFO  org.mongodb.driver.connection.info - Opened connection [connectionId{localValue:3, serverValue:3239}] to localhost:27017
27-09-2019 16:29:35.161 [nioEventLoopGroup-2-3] INFO  org.mongodb.driver.connection.info - Opened connection [connectionId{localValue:4, serverValue:3240}] to localhost:27017
27-09-2019 16:29:35.353 [nioEventLoopGroup-2-4] INFO  org.mongodb.driver.connection.info - Opened connection [connectionId{localValue:5, serverValue:3241}] to localhost:27017
27-09-2019 16:29:35.373 [nioEventLoopGroup-2-5] INFO  org.mongodb.driver.connection.info - Opened connection [connectionId{localValue:6, serverValue:3242}] to localhost:27017
27-09-2019 16:29:41.906 [main] INFO  j.r.e.p.a.SpringBootProyectoEverisTeacherApplicationTests.logStartupProfileInfo - No active profile set, falling back to default profiles: default
27-09-2019 16:29:44.364 [main] INFO  o.s.d.r.c.RepositoryConfigurationDelegate.registerRepositoriesIn - Bootstrapping Spring Data repositories in DEFAULT mode.
27-09-2019 16:29:44.487 [main] INFO  o.s.d.r.c.RepositoryConfigurationDelegate.registerRepositoriesIn - Finished Spring Data repository scanning in 121ms. Found 2 repository interfaces.
27-09-2019 16:29:44.491 [main] INFO  o.s.d.r.c.RepositoryConfigurationDelegate.registerRepositoriesIn - Bootstrapping Spring Data repositories in DEFAULT mode.
27-09-2019 16:29:44.510 [main] INFO  o.s.d.r.c.RepositoryConfigurationDelegate.registerRepositoriesIn - Finished Spring Data repository scanning in 18ms. Found 0 repository interfaces.
27-09-2019 16:29:44.713 [main] INFO  o.s.cloud.context.scope.GenericScope.setSerializationId - BeanFactory id=46c72665-8bf0-3c94-abeb-d16dd95553a6
27-09-2019 16:29:45.069 [main] INFO  o.s.c.s.PostProcessorRegistrationDelegate$BeanPostProcessorChecker.postProcessAfterInitialization - Bean 'org.springframework.cloud.autoconfigure.ConfigurationPropertiesRebinderAutoConfiguration' of type [org.springframework.cloud.autoconfigure.ConfigurationPropertiesRebinderAutoConfiguration$$EnhancerBySpringCGLIB$$575a151d] is not eligible for getting processed by all BeanPostProcessors (for example: not eligible for auto-proxying)
27-09-2019 16:29:45.370 [main] INFO  org.mongodb.driver.cluster.info - Cluster created with settings {hosts=[localhost:27017], mode=SINGLE, requiredClusterType=UNKNOWN, serverSelectionTimeout='30000 ms', maxWaitQueueSize=500}
27-09-2019 16:29:45.431 [cluster-ClusterId{value='5d8e7f49f06fc3512424a821', description='null'}-localhost:27017] INFO  org.mongodb.driver.connection.info - Opened connection [connectionId{localValue:10, serverValue:3246}] to localhost:27017
27-09-2019 16:29:45.450 [cluster-ClusterId{value='5d8e7f49f06fc3512424a821', description='null'}-localhost:27017] INFO  org.mongodb.driver.cluster.info - Monitor thread successfully connected to server with description ServerDescription{address=localhost:27017, type=STANDALONE, state=CONNECTED, ok=true, version=ServerVersion{versionList=[4, 2, 0]}, minWireVersion=0, maxWireVersion=8, maxDocumentSize=16777216, logicalSessionTimeoutMinutes=30, roundTripTimeNanos=5432185}
27-09-2019 16:29:45.615 [main] INFO  org.mongodb.driver.cluster.info - Cluster created with settings {hosts=[localhost:27017], mode=SINGLE, requiredClusterType=UNKNOWN, serverSelectionTimeout='30000 ms', maxWaitQueueSize=500}
27-09-2019 16:29:45.778 [cluster-ClusterId{value='5d8e7f49f06fc3512424a822', description='null'}-localhost:27017] INFO  org.mongodb.driver.connection.info - Opened connection [connectionId{localValue:11, serverValue:3247}] to localhost:27017
27-09-2019 16:29:45.780 [cluster-ClusterId{value='5d8e7f49f06fc3512424a822', description='null'}-localhost:27017] INFO  org.mongodb.driver.cluster.info - Monitor thread successfully connected to server with description ServerDescription{address=localhost:27017, type=STANDALONE, state=CONNECTED, ok=true, version=ServerVersion{versionList=[4, 2, 0]}, minWireVersion=0, maxWireVersion=8, maxDocumentSize=16777216, logicalSessionTimeoutMinutes=30, roundTripTimeNanos=967913}
27-09-2019 16:29:49.977 [main] INFO  o.s.b.a.e.web.EndpointLinksResolver.<init> - Exposing 2 endpoint(s) beneath base path '/actuator'
27-09-2019 16:29:51.138 [main] WARN  o.s.c.n.a.ArchaiusAutoConfiguration.configureArchaius - Netflix ConfigurationManager has already been installed, unable to re-install
27-09-2019 16:29:51.564 [main] WARN  o.s.b.a.t.ThymeleafAutoConfiguration$DefaultTemplateResolverConfiguration.checkTemplateLocationExists - Cannot find template location: classpath:/templates/ (please add some templates or check your Thymeleaf configuration)
27-09-2019 16:29:54.537 [main] INFO  o.s.c.n.eureka.InstanceInfoFactory.create - Setting initial instance status as: STARTING
27-09-2019 16:29:54.551 [main] INFO  c.netflix.discovery.DiscoveryClient.<init> - Initializing Eureka in region us-east-1
27-09-2019 16:29:54.556 [main] INFO  c.n.d.p.DiscoveryJerseyProvider.<init> - Using JSON encoding codec LegacyJacksonJson
27-09-2019 16:29:54.557 [main] INFO  c.n.d.p.DiscoveryJerseyProvider.<init> - Using JSON decoding codec LegacyJacksonJson
27-09-2019 16:29:54.558 [main] INFO  c.n.d.p.DiscoveryJerseyProvider.<init> - Using XML encoding codec XStreamXml
27-09-2019 16:29:54.559 [main] INFO  c.n.d.p.DiscoveryJerseyProvider.<init> - Using XML decoding codec XStreamXml
27-09-2019 16:29:54.837 [main] INFO  c.n.d.s.r.aws.ConfigClusterResolver.getClusterEndpoints - Resolving eureka endpoints via configuration
27-09-2019 16:29:54.840 [main] INFO  c.netflix.discovery.DiscoveryClient.fetchRegistry - Disable delta property : false
27-09-2019 16:29:54.841 [main] INFO  c.netflix.discovery.DiscoveryClient.fetchRegistry - Single vip registry refresh property : null
27-09-2019 16:29:54.842 [main] INFO  c.netflix.discovery.DiscoveryClient.fetchRegistry - Force full registry fetch : false
27-09-2019 16:29:54.842 [main] INFO  c.netflix.discovery.DiscoveryClient.fetchRegistry - Application is null : false
27-09-2019 16:29:54.845 [main] INFO  c.netflix.discovery.DiscoveryClient.fetchRegistry - Registered Applications size is zero : true
27-09-2019 16:29:54.847 [main] INFO  c.netflix.discovery.DiscoveryClient.fetchRegistry - Application version is -1: true
27-09-2019 16:29:54.847 [main] INFO  c.netflix.discovery.DiscoveryClient.getAndStoreFullRegistry - Getting all instance registry info from the eureka server
27-09-2019 16:29:54.857 [main] INFO  c.netflix.discovery.DiscoveryClient.getAndStoreFullRegistry - The response status is 200
27-09-2019 16:29:54.859 [main] INFO  c.netflix.discovery.DiscoveryClient.initScheduledTasks - Starting heartbeat executor: renew interval is: 30
27-09-2019 16:29:54.861 [main] INFO  c.n.discovery.InstanceInfoReplicator.<init> - InstanceInfoReplicator onDemand update allowed rate per min is 4
27-09-2019 16:29:54.868 [main] INFO  c.netflix.discovery.DiscoveryClient.<init> - Discovery Client initialized at timestamp 1569619794868 with initial instances count: 1
27-09-2019 16:29:54.878 [main] INFO  o.s.c.n.e.s.EurekaServiceRegistry.register - Registering application SPRING-TEACHERS with eureka with status UP
27-09-2019 16:29:54.879 [main] INFO  c.netflix.discovery.DiscoveryClient.notify - Saw local status change event StatusChangeEvent [timestamp=1569619794879, current=UP, previous=STARTING]
27-09-2019 16:29:54.881 [main] INFO  s.d.s.w.p.DocumentationPluginsBootstrapper.start - Documentation plugins bootstrapped
27-09-2019 16:29:54.884 [main] INFO  s.d.s.w.p.DocumentationPluginsBootstrapper.bootstrapDocumentationPlugins - Found 1 custom documentation plugin(s)
27-09-2019 16:29:54.902 [main] INFO  s.d.s.w.s.ApiListingReferenceScanner.scan - Scanning for api listing references
27-09-2019 16:29:54.922 [DiscoveryClient-InstanceInfoReplicator-0] INFO  c.netflix.discovery.DiscoveryClient.register - DiscoveryClient_SPRING-TEACHERS/LIM-FLTWM72.usersad.everis.int:spring-teachers:8085: registering service...
27-09-2019 16:29:55.092 [DiscoveryClient-InstanceInfoReplicator-0] INFO  c.netflix.discovery.DiscoveryClient.register - DiscoveryClient_SPRING-TEACHERS/LIM-FLTWM72.usersad.everis.int:spring-teachers:8085 - registration status: 204
27-09-2019 16:29:55.268 [main] INFO  s.d.s.w.r.o.CachingOperationNameGenerator.startingWith - Generating unique operation named: handleUsingGET_1
27-09-2019 16:38:07.112 [main] INFO  j.r.e.p.a.SpringBootProyectoEverisTeacherApplicationTests.logStartupProfileInfo - No active profile set, falling back to default profiles: default
27-09-2019 16:38:11.963 [main] INFO  o.s.d.r.c.RepositoryConfigurationDelegate.registerRepositoriesIn - Bootstrapping Spring Data repositories in DEFAULT mode.
27-09-2019 16:38:13.132 [main] INFO  o.s.d.r.c.RepositoryConfigurationDelegate.registerRepositoriesIn - Finished Spring Data repository scanning in 1136ms. Found 2 repository interfaces.
27-09-2019 16:38:13.151 [main] INFO  o.s.d.r.c.RepositoryConfigurationDelegate.registerRepositoriesIn - Bootstrapping Spring Data repositories in DEFAULT mode.
27-09-2019 16:38:13.244 [main] INFO  o.s.d.r.c.RepositoryConfigurationDelegate.registerRepositoriesIn - Finished Spring Data repository scanning in 89ms. Found 0 repository interfaces.
27-09-2019 16:38:14.006 [main] WARN  o.s.boot.actuate.endpoint.EndpointId.logWarning - Endpoint ID 'service-registry' contains invalid characters, please migrate to a valid format.
27-09-2019 16:38:15.452 [main] INFO  o.s.cloud.context.scope.GenericScope.setSerializationId - BeanFactory id=46c72665-8bf0-3c94-abeb-d16dd95553a6
27-09-2019 16:38:16.384 [main] INFO  o.s.c.s.PostProcessorRegistrationDelegate$BeanPostProcessorChecker.postProcessAfterInitialization - Bean 'org.springframework.cloud.autoconfigure.ConfigurationPropertiesRebinderAutoConfiguration' of type [org.springframework.cloud.autoconfigure.ConfigurationPropertiesRebinderAutoConfiguration$$EnhancerBySpringCGLIB$$3d71b739] is not eligible for getting processed by all BeanPostProcessors (for example: not eligible for auto-proxying)
27-09-2019 16:38:19.111 [main] INFO  org.mongodb.driver.cluster.info - Cluster created with settings {hosts=[localhost:27017], mode=SINGLE, requiredClusterType=UNKNOWN, serverSelectionTimeout='30000 ms', maxWaitQueueSize=500}
27-09-2019 16:38:21.312 [main] INFO  org.mongodb.driver.cluster.info - Cluster created with settings {hosts=[localhost:27017], mode=SINGLE, requiredClusterType=UNKNOWN, serverSelectionTimeout='30000 ms', maxWaitQueueSize=500}
27-09-2019 16:38:21.650 [cluster-ClusterId{value='5d8e814df06fc33b88f968a0', description='null'}-localhost:27017] INFO  org.mongodb.driver.connection.info - Opened connection [connectionId{localValue:2, serverValue:3275}] to localhost:27017
27-09-2019 16:38:21.704 [cluster-ClusterId{value='5d8e814df06fc33b88f968a0', description='null'}-localhost:27017] INFO  org.mongodb.driver.cluster.info - Monitor thread successfully connected to server with description ServerDescription{address=localhost:27017, type=STANDALONE, state=CONNECTED, ok=true, version=ServerVersion{versionList=[4, 2, 0]}, minWireVersion=0, maxWireVersion=8, maxDocumentSize=16777216, logicalSessionTimeoutMinutes=30, roundTripTimeNanos=8460875}
27-09-2019 16:38:23.904 [cluster-ClusterId{value='5d8e814bf06fc33b88f9689f', description='null'}-localhost:27017] INFO  org.mongodb.driver.connection.info - Opened connection [connectionId{localValue:1, serverValue:3276}] to localhost:27017
27-09-2019 16:38:23.920 [cluster-ClusterId{value='5d8e814bf06fc33b88f9689f', description='null'}-localhost:27017] INFO  org.mongodb.driver.cluster.info - Monitor thread successfully connected to server with description ServerDescription{address=localhost:27017, type=STANDALONE, state=CONNECTED, ok=true, version=ServerVersion{versionList=[4, 2, 0]}, minWireVersion=0, maxWireVersion=8, maxDocumentSize=16777216, logicalSessionTimeoutMinutes=30, roundTripTimeNanos=10962545}
27-09-2019 16:38:30.196 [main] WARN  c.n.c.sources.URLConfigurationSource.<init> - No URLs will be polled as dynamic configuration sources.
27-09-2019 16:38:30.199 [main] INFO  c.n.c.sources.URLConfigurationSource.<init> - To enable URLs as dynamic configuration sources, define System property archaius.configurationSource.additionalUrls or make config.properties available on classpath.
27-09-2019 16:38:30.481 [main] INFO  c.n.config.DynamicPropertyFactory.getInstance - DynamicPropertyFactory is initialized with configuration sources: com.netflix.config.ConcurrentCompositeConfiguration@97543aa
27-09-2019 16:38:32.222 [main] INFO  o.s.b.a.e.web.EndpointLinksResolver.<init> - Exposing 2 endpoint(s) beneath base path '/actuator'
27-09-2019 16:38:33.628 [main] WARN  c.n.c.sources.URLConfigurationSource.<init> - No URLs will be polled as dynamic configuration sources.
27-09-2019 16:38:33.631 [main] INFO  c.n.c.sources.URLConfigurationSource.<init> - To enable URLs as dynamic configuration sources, define System property archaius.configurationSource.additionalUrls or make config.properties available on classpath.
27-09-2019 16:38:34.516 [main] WARN  o.s.b.a.t.ThymeleafAutoConfiguration$DefaultTemplateResolverConfiguration.checkTemplateLocationExists - Cannot find template location: classpath:/templates/ (please add some templates or check your Thymeleaf configuration)
27-09-2019 16:38:41.809 [main] INFO  o.s.c.n.eureka.InstanceInfoFactory.create - Setting initial instance status as: STARTING
27-09-2019 16:38:42.182 [main] INFO  c.netflix.discovery.DiscoveryClient.<init> - Initializing Eureka in region us-east-1
27-09-2019 16:38:42.765 [main] INFO  c.n.d.p.DiscoveryJerseyProvider.<init> - Using JSON encoding codec LegacyJacksonJson
27-09-2019 16:38:42.767 [main] INFO  c.n.d.p.DiscoveryJerseyProvider.<init> - Using JSON decoding codec LegacyJacksonJson
27-09-2019 16:38:43.421 [main] INFO  c.n.d.p.DiscoveryJerseyProvider.<init> - Using XML encoding codec XStreamXml
27-09-2019 16:38:43.424 [main] INFO  c.n.d.p.DiscoveryJerseyProvider.<init> - Using XML decoding codec XStreamXml
27-09-2019 16:38:44.354 [main] INFO  c.n.d.s.r.aws.ConfigClusterResolver.getClusterEndpoints - Resolving eureka endpoints via configuration
27-09-2019 16:38:47.256 [main] INFO  c.netflix.discovery.DiscoveryClient.fetchRegistry - Disable delta property : false
27-09-2019 16:38:47.258 [main] INFO  c.netflix.discovery.DiscoveryClient.fetchRegistry - Single vip registry refresh property : null
27-09-2019 16:38:47.259 [main] INFO  c.netflix.discovery.DiscoveryClient.fetchRegistry - Force full registry fetch : false
27-09-2019 16:38:47.263 [main] INFO  c.netflix.discovery.DiscoveryClient.fetchRegistry - Application is null : false
27-09-2019 16:38:47.265 [main] INFO  c.netflix.discovery.DiscoveryClient.fetchRegistry - Registered Applications size is zero : true
27-09-2019 16:38:47.266 [main] INFO  c.netflix.discovery.DiscoveryClient.fetchRegistry - Application version is -1: true
27-09-2019 16:38:47.267 [main] INFO  c.netflix.discovery.DiscoveryClient.getAndStoreFullRegistry - Getting all instance registry info from the eureka server
27-09-2019 16:38:48.108 [main] INFO  c.netflix.discovery.DiscoveryClient.getAndStoreFullRegistry - The response status is 200
27-09-2019 16:38:48.120 [main] INFO  c.netflix.discovery.DiscoveryClient.initScheduledTasks - Starting heartbeat executor: renew interval is: 30
27-09-2019 16:38:48.130 [main] INFO  c.n.discovery.InstanceInfoReplicator.<init> - InstanceInfoReplicator onDemand update allowed rate per min is 4
27-09-2019 16:38:48.183 [main] INFO  c.netflix.discovery.DiscoveryClient.<init> - Discovery Client initialized at timestamp 1569620328140 with initial instances count: 2
27-09-2019 16:38:48.196 [main] INFO  o.s.c.n.e.s.EurekaServiceRegistry.register - Registering application SPRING-TEACHERS with eureka with status UP
27-09-2019 16:38:48.204 [main] INFO  c.netflix.discovery.DiscoveryClient.notify - Saw local status change event StatusChangeEvent [timestamp=1569620328204, current=UP, previous=STARTING]
27-09-2019 16:38:48.212 [main] INFO  s.d.s.w.p.DocumentationPluginsBootstrapper.start - Documentation plugins bootstrapped
27-09-2019 16:38:48.373 [DiscoveryClient-InstanceInfoReplicator-0] INFO  c.netflix.discovery.DiscoveryClient.register - DiscoveryClient_SPRING-TEACHERS/LIM-FLTWM72.usersad.everis.int:spring-teachers:8085: registering service...
27-09-2019 16:38:48.400 [main] INFO  s.d.s.w.p.DocumentationPluginsBootstrapper.bootstrapDocumentationPlugins - Found 1 custom documentation plugin(s)
27-09-2019 16:38:48.627 [DiscoveryClient-InstanceInfoReplicator-0] INFO  c.netflix.discovery.DiscoveryClient.register - DiscoveryClient_SPRING-TEACHERS/LIM-FLTWM72.usersad.everis.int:spring-teachers:8085 - registration status: 204
27-09-2019 16:38:48.695 [main] INFO  s.d.s.w.s.ApiListingReferenceScanner.scan - Scanning for api listing references
27-09-2019 16:38:49.487 [main] INFO  s.d.s.w.r.o.CachingOperationNameGenerator.startingWith - Generating unique operation named: handleUsingGET_1
27-09-2019 16:38:49.770 [main] INFO  s.d.s.w.r.o.CachingOperationNameGenerator.startingWith - Generating unique operation named: handleUsingGET_2
27-09-2019 16:38:49.923 [main] INFO  s.d.s.w.r.o.CachingOperationNameGenerator.startingWith - Generating unique operation named: handleUsingGET_3
27-09-2019 16:38:50.477 [main] INFO  j.r.e.p.a.SpringBootProyectoEverisTeacherApplicationTests.logStarted - Started SpringBootProyectoEverisTeacherApplicationTests in 58.428 seconds (JVM running for 66.385)
27-09-2019 16:38:50.859 [nioEventLoopGroup-2-2] INFO  org.mongodb.driver.connection.info - Opened connection [connectionId{localValue:3, serverValue:3277}] to localhost:27017
27-09-2019 16:38:50.887 [nioEventLoopGroup-2-3] INFO  org.mongodb.driver.connection.info - Opened connection [connectionId{localValue:4, serverValue:3278}] to localhost:27017
27-09-2019 16:38:51.265 [nioEventLoopGroup-2-4] INFO  org.mongodb.driver.connection.info - Opened connection [connectionId{localValue:5, serverValue:3279}] to localhost:27017
27-09-2019 16:38:51.294 [nioEventLoopGroup-2-5] INFO  org.mongodb.driver.connection.info - Opened connection [connectionId{localValue:6, serverValue:3280}] to localhost:27017
27-09-2019 16:38:52.540 [Thread-8] INFO  o.s.c.n.e.s.EurekaServiceRegistry.deregister - Unregistering application SPRING-TEACHERS with eureka with status DOWN
27-09-2019 16:38:52.542 [Thread-8] WARN  c.netflix.discovery.DiscoveryClient.notify - Saw local status change event StatusChangeEvent [timestamp=1569620332542, current=DOWN, previous=UP]
27-09-2019 16:38:52.543 [DiscoveryClient-InstanceInfoReplicator-0] INFO  c.netflix.discovery.DiscoveryClient.register - DiscoveryClient_SPRING-TEACHERS/LIM-FLTWM72.usersad.everis.int:spring-teachers:8085: registering service...
27-09-2019 16:38:52.553 [DiscoveryClient-InstanceInfoReplicator-0] INFO  c.netflix.discovery.DiscoveryClient.register - DiscoveryClient_SPRING-TEACHERS/LIM-FLTWM72.usersad.everis.int:spring-teachers:8085 - registration status: 204
27-09-2019 16:38:54.258 [nioEventLoopGroup-2-5] INFO  j.r.e.p.a.SpringBootProyectoEverisTeacherApplication.lambda$run$1 - Cantidad de curso : twoCourse
27-09-2019 16:38:54.268 [nioEventLoopGroup-2-4] INFO  j.r.e.p.a.SpringBootProyectoEverisTeacherApplication.lambda$run$1 - Cantidad de curso : oneCourse
27-09-2019 16:38:54.435 [nioEventLoopGroup-2-2] WARN  org.mongodb.driver.connection.warn - Got socket exception on connection [connectionId{localValue:3, serverValue:3277}] to localhost:27017. All connections to localhost:27017 will be closed.
27-09-2019 16:38:54.446 [nioEventLoopGroup-2-3] WARN  org.mongodb.driver.connection.warn - Got socket exception on connection [connectionId{localValue:4, serverValue:3278}] to localhost:27017. All connections to localhost:27017 will be closed.
27-09-2019 16:38:54.446 [nioEventLoopGroup-2-2] ERROR org.mongodb.driver.connection.error - Callback onResult call produced an error
java.lang.IllegalStateException: state should be: open
	at com.mongodb.assertions.Assertions.isTrue(Assertions.java:70) ~[mongodb-driver-core-3.8.2.jar:na]
	at com.mongodb.internal.connection.DefaultServer.invalidate(DefaultServer.java:125) ~[mongodb-driver-core-3.8.2.jar:na]
	at com.mongodb.internal.connection.DefaultServer.handleThrowable(DefaultServer.java:163) ~[mongodb-driver-core-3.8.2.jar:na]
	at com.mongodb.internal.connection.DefaultServer.access$600(DefaultServer.java:45) ~[mongodb-driver-core-3.8.2.jar:na]
	at com.mongodb.internal.connection.DefaultServer$DefaultServerProtocolExecutor$2.onResult(DefaultServer.java:223) ~[mongodb-driver-core-3.8.2.jar:na]
	at com.mongodb.internal.async.ErrorHandlingResultCallback.onResult(ErrorHandlingResultCallback.java:49) [mongodb-driver-core-3.8.2.jar:na]
	at com.mongodb.internal.connection.CommandProtocolImpl$1.onResult(CommandProtocolImpl.java:83) [mongodb-driver-core-3.8.2.jar:na]
	at com.mongodb.internal.connection.DefaultConnectionPool$PooledConnection$1.onResult(DefaultConnectionPool.java:461) [mongodb-driver-core-3.8.2.jar:na]
	at com.mongodb.internal.connection.UsageTrackingInternalConnection$2.onResult(UsageTrackingInternalConnection.java:111) [mongodb-driver-core-3.8.2.jar:na]
	at com.mongodb.internal.async.ErrorHandlingResultCallback.onResult(ErrorHandlingResultCallback.java:49) [mongodb-driver-core-3.8.2.jar:na]
	at com.mongodb.internal.connection.InternalStreamConnection$2$1.onResult(InternalStreamConnection.java:361) [mongodb-driver-core-3.8.2.jar:na]
	at com.mongodb.internal.connection.InternalStreamConnection$2$1.onResult(InternalStreamConnection.java:356) [mongodb-driver-core-3.8.2.jar:na]
	at com.mongodb.internal.connection.InternalStreamConnection$MessageHeaderCallback.onResult(InternalStreamConnection.java:603) [mongodb-driver-core-3.8.2.jar:na]
	at com.mongodb.internal.connection.InternalStreamConnection$MessageHeaderCallback.onResult(InternalStreamConnection.java:593) [mongodb-driver-core-3.8.2.jar:na]
	at com.mongodb.internal.connection.InternalStreamConnection$5.failed(InternalStreamConnection.java:500) [mongodb-driver-core-3.8.2.jar:na]
	at com.mongodb.connection.netty.NettyStream.readAsync(NettyStream.java:232) [mongodb-driver-core-3.8.2.jar:na]
	at com.mongodb.connection.netty.NettyStream.handleReadResponse(NettyStream.java:266) [mongodb-driver-core-3.8.2.jar:na]
	at com.mongodb.connection.netty.NettyStream.access$600(NettyStream.java:66) [mongodb-driver-core-3.8.2.jar:na]
	at com.mongodb.connection.netty.NettyStream$2$1.operationComplete(NettyStream.java:153) [mongodb-driver-core-3.8.2.jar:na]
	at com.mongodb.connection.netty.NettyStream$2$1.operationComplete(NettyStream.java:150) [mongodb-driver-core-3.8.2.jar:na]
	at io.netty.util.concurrent.DefaultPromise.notifyListener0(DefaultPromise.java:500) [netty-common-4.1.39.Final.jar:4.1.39.Final]
	at io.netty.util.concurrent.DefaultPromise.notifyListenersNow(DefaultPromise.java:474) [netty-common-4.1.39.Final.jar:4.1.39.Final]
	at io.netty.util.concurrent.DefaultPromise.notifyListeners(DefaultPromise.java:413) [netty-common-4.1.39.Final.jar:4.1.39.Final]
	at io.netty.util.concurrent.DefaultPromise.setValue0(DefaultPromise.java:538) [netty-common-4.1.39.Final.jar:4.1.39.Final]
	at io.netty.util.concurrent.DefaultPromise.setSuccess0(DefaultPromise.java:527) [netty-common-4.1.39.Final.jar:4.1.39.Final]
	at io.netty.util.concurrent.DefaultPromise.trySuccess(DefaultPromise.java:98) [netty-common-4.1.39.Final.jar:4.1.39.Final]
	at io.netty.channel.DefaultChannelPromise.trySuccess(DefaultChannelPromise.java:84) [netty-transport-4.1.39.Final.jar:4.1.39.Final]
	at io.netty.channel.AbstractChannel$CloseFuture.setClosed(AbstractChannel.java:1156) [netty-transport-4.1.39.Final.jar:4.1.39.Final]
	at io.netty.channel.AbstractChannel$AbstractUnsafe.doClose0(AbstractChannel.java:758) [netty-transport-4.1.39.Final.jar:4.1.39.Final]
	at io.netty.channel.AbstractChannel$AbstractUnsafe.close(AbstractChannel.java:734) [netty-transport-4.1.39.Final.jar:4.1.39.Final]
	at io.netty.channel.AbstractChannel$AbstractUnsafe.close(AbstractChannel.java:605) [netty-transport-4.1.39.Final.jar:4.1.39.Final]
	at io.netty.channel.nio.NioEventLoop.closeAll(NioEventLoop.java:745) [netty-transport-4.1.39.Final.jar:4.1.39.Final]
	at io.netty.channel.nio.NioEventLoop.run(NioEventLoop.java:524) [netty-transport-4.1.39.Final.jar:4.1.39.Final]
	at io.netty.util.concurrent.SingleThreadEventExecutor$5.run(SingleThreadEventExecutor.java:918) [netty-common-4.1.39.Final.jar:4.1.39.Final]
	at io.netty.util.internal.ThreadExecutorMap$2.run(ThreadExecutorMap.java:74) [netty-common-4.1.39.Final.jar:4.1.39.Final]
	at io.netty.util.concurrent.FastThreadLocalRunnable.run(FastThreadLocalRunnable.java:30) [netty-common-4.1.39.Final.jar:4.1.39.Final]
	at java.lang.Thread.run(Thread.java:748) [na:1.8.0_221]
27-09-2019 16:38:54.447 [nioEventLoopGroup-2-3] ERROR org.mongodb.driver.connection.error - Callback onResult call produced an error
java.lang.IllegalStateException: state should be: open
	at com.mongodb.assertions.Assertions.isTrue(Assertions.java:70) ~[mongodb-driver-core-3.8.2.jar:na]
	at com.mongodb.internal.connection.DefaultServer.invalidate(DefaultServer.java:125) ~[mongodb-driver-core-3.8.2.jar:na]
	at com.mongodb.internal.connection.DefaultServer.handleThrowable(DefaultServer.java:163) ~[mongodb-driver-core-3.8.2.jar:na]
	at com.mongodb.internal.connection.DefaultServer.access$600(DefaultServer.java:45) ~[mongodb-driver-core-3.8.2.jar:na]
	at com.mongodb.internal.connection.DefaultServer$DefaultServerProtocolExecutor$2.onResult(DefaultServer.java:223) ~[mongodb-driver-core-3.8.2.jar:na]
	at com.mongodb.internal.async.ErrorHandlingResultCallback.onResult(ErrorHandlingResultCallback.java:49) [mongodb-driver-core-3.8.2.jar:na]
	at com.mongodb.internal.connection.CommandProtocolImpl$1.onResult(CommandProtocolImpl.java:83) [mongodb-driver-core-3.8.2.jar:na]
	at com.mongodb.internal.connection.DefaultConnectionPool$PooledConnection$1.onResult(DefaultConnectionPool.java:461) [mongodb-driver-core-3.8.2.jar:na]
	at com.mongodb.internal.connection.UsageTrackingInternalConnection$2.onResult(UsageTrackingInternalConnection.java:111) [mongodb-driver-core-3.8.2.jar:na]
	at com.mongodb.internal.async.ErrorHandlingResultCallback.onResult(ErrorHandlingResultCallback.java:49) [mongodb-driver-core-3.8.2.jar:na]
	at com.mongodb.internal.connection.InternalStreamConnection$2$1.onResult(InternalStreamConnection.java:361) [mongodb-driver-core-3.8.2.jar:na]
	at com.mongodb.internal.connection.InternalStreamConnection$2$1.onResult(InternalStreamConnection.java:356) [mongodb-driver-core-3.8.2.jar:na]
	at com.mongodb.internal.connection.InternalStreamConnection$MessageHeaderCallback.onResult(InternalStreamConnection.java:603) [mongodb-driver-core-3.8.2.jar:na]
	at com.mongodb.internal.connection.InternalStreamConnection$MessageHeaderCallback.onResult(InternalStreamConnection.java:593) [mongodb-driver-core-3.8.2.jar:na]
	at com.mongodb.internal.connection.InternalStreamConnection$5.failed(InternalStreamConnection.java:500) [mongodb-driver-core-3.8.2.jar:na]
	at com.mongodb.connection.netty.NettyStream.readAsync(NettyStream.java:232) [mongodb-driver-core-3.8.2.jar:na]
	at com.mongodb.connection.netty.NettyStream.handleReadResponse(NettyStream.java:266) [mongodb-driver-core-3.8.2.jar:na]
	at com.mongodb.connection.netty.NettyStream.access$600(NettyStream.java:66) [mongodb-driver-core-3.8.2.jar:na]
	at com.mongodb.connection.netty.NettyStream$2$1.operationComplete(NettyStream.java:153) [mongodb-driver-core-3.8.2.jar:na]
	at com.mongodb.connection.netty.NettyStream$2$1.operationComplete(NettyStream.java:150) [mongodb-driver-core-3.8.2.jar:na]
	at io.netty.util.concurrent.DefaultPromise.notifyListener0(DefaultPromise.java:500) [netty-common-4.1.39.Final.jar:4.1.39.Final]
	at io.netty.util.concurrent.DefaultPromise.notifyListenersNow(DefaultPromise.java:474) [netty-common-4.1.39.Final.jar:4.1.39.Final]
	at io.netty.util.concurrent.DefaultPromise.notifyListeners(DefaultPromise.java:413) [netty-common-4.1.39.Final.jar:4.1.39.Final]
	at io.netty.util.concurrent.DefaultPromise.setValue0(DefaultPromise.java:538) [netty-common-4.1.39.Final.jar:4.1.39.Final]
	at io.netty.util.concurrent.DefaultPromise.setSuccess0(DefaultPromise.java:527) [netty-common-4.1.39.Final.jar:4.1.39.Final]
	at io.netty.util.concurrent.DefaultPromise.trySuccess(DefaultPromise.java:98) [netty-common-4.1.39.Final.jar:4.1.39.Final]
	at io.netty.channel.DefaultChannelPromise.trySuccess(DefaultChannelPromise.java:84) [netty-transport-4.1.39.Final.jar:4.1.39.Final]
	at io.netty.channel.AbstractChannel$CloseFuture.setClosed(AbstractChannel.java:1156) [netty-transport-4.1.39.Final.jar:4.1.39.Final]
	at io.netty.channel.AbstractChannel$AbstractUnsafe.doClose0(AbstractChannel.java:758) [netty-transport-4.1.39.Final.jar:4.1.39.Final]
	at io.netty.channel.AbstractChannel$AbstractUnsafe.close(AbstractChannel.java:734) [netty-transport-4.1.39.Final.jar:4.1.39.Final]
	at io.netty.channel.AbstractChannel$AbstractUnsafe.close(AbstractChannel.java:605) [netty-transport-4.1.39.Final.jar:4.1.39.Final]
	at io.netty.channel.nio.NioEventLoop.closeAll(NioEventLoop.java:745) [netty-transport-4.1.39.Final.jar:4.1.39.Final]
	at io.netty.channel.nio.NioEventLoop.run(NioEventLoop.java:524) [netty-transport-4.1.39.Final.jar:4.1.39.Final]
	at io.netty.util.concurrent.SingleThreadEventExecutor$5.run(SingleThreadEventExecutor.java:918) [netty-common-4.1.39.Final.jar:4.1.39.Final]
	at io.netty.util.internal.ThreadExecutorMap$2.run(ThreadExecutorMap.java:74) [netty-common-4.1.39.Final.jar:4.1.39.Final]
	at io.netty.util.concurrent.FastThreadLocalRunnable.run(FastThreadLocalRunnable.java:30) [netty-common-4.1.39.Final.jar:4.1.39.Final]
	at java.lang.Thread.run(Thread.java:748) [na:1.8.0_221]
27-09-2019 16:38:54.451 [nioEventLoopGroup-2-4] WARN  org.mongodb.driver.connection.warn - Got socket exception on connection [connectionId{localValue:5, serverValue:3279}] to localhost:27017. All connections to localhost:27017 will be closed.
27-09-2019 16:38:54.451 [nioEventLoopGroup-2-5] WARN  org.mongodb.driver.connection.warn - Got socket exception on connection [connectionId{localValue:6, serverValue:3280}] to localhost:27017. All connections to localhost:27017 will be closed.
27-09-2019 16:38:54.452 [nioEventLoopGroup-2-5] ERROR org.mongodb.driver.connection.error - Callback onResult call produced an error
java.lang.IllegalStateException: state should be: open
	at com.mongodb.assertions.Assertions.isTrue(Assertions.java:70) ~[mongodb-driver-core-3.8.2.jar:na]
	at com.mongodb.internal.connection.DefaultServer.invalidate(DefaultServer.java:125) ~[mongodb-driver-core-3.8.2.jar:na]
	at com.mongodb.internal.connection.DefaultServer.handleThrowable(DefaultServer.java:163) ~[mongodb-driver-core-3.8.2.jar:na]
	at com.mongodb.internal.connection.DefaultServer.access$600(DefaultServer.java:45) ~[mongodb-driver-core-3.8.2.jar:na]
	at com.mongodb.internal.connection.DefaultServer$DefaultServerProtocolExecutor$2.onResult(DefaultServer.java:223) ~[mongodb-driver-core-3.8.2.jar:na]
	at com.mongodb.internal.async.ErrorHandlingResultCallback.onResult(ErrorHandlingResultCallback.java:49) [mongodb-driver-core-3.8.2.jar:na]
	at com.mongodb.internal.connection.CommandProtocolImpl$1.onResult(CommandProtocolImpl.java:83) [mongodb-driver-core-3.8.2.jar:na]
	at com.mongodb.internal.connection.DefaultConnectionPool$PooledConnection$1.onResult(DefaultConnectionPool.java:461) [mongodb-driver-core-3.8.2.jar:na]
	at com.mongodb.internal.connection.UsageTrackingInternalConnection$2.onResult(UsageTrackingInternalConnection.java:111) [mongodb-driver-core-3.8.2.jar:na]
	at com.mongodb.internal.async.ErrorHandlingResultCallback.onResult(ErrorHandlingResultCallback.java:49) [mongodb-driver-core-3.8.2.jar:na]
	at com.mongodb.internal.connection.InternalStreamConnection$2$1.onResult(InternalStreamConnection.java:361) [mongodb-driver-core-3.8.2.jar:na]
	at com.mongodb.internal.connection.InternalStreamConnection$2$1.onResult(InternalStreamConnection.java:356) [mongodb-driver-core-3.8.2.jar:na]
	at com.mongodb.internal.connection.InternalStreamConnection$MessageHeaderCallback.onResult(InternalStreamConnection.java:603) [mongodb-driver-core-3.8.2.jar:na]
	at com.mongodb.internal.connection.InternalStreamConnection$MessageHeaderCallback.onResult(InternalStreamConnection.java:593) [mongodb-driver-core-3.8.2.jar:na]
	at com.mongodb.internal.connection.InternalStreamConnection$5.failed(InternalStreamConnection.java:500) [mongodb-driver-core-3.8.2.jar:na]
	at com.mongodb.connection.netty.NettyStream.readAsync(NettyStream.java:232) [mongodb-driver-core-3.8.2.jar:na]
	at com.mongodb.connection.netty.NettyStream.handleReadResponse(NettyStream.java:266) [mongodb-driver-core-3.8.2.jar:na]
	at com.mongodb.connection.netty.NettyStream.access$600(NettyStream.java:66) [mongodb-driver-core-3.8.2.jar:na]
	at com.mongodb.connection.netty.NettyStream$2$1.operationComplete(NettyStream.java:153) [mongodb-driver-core-3.8.2.jar:na]
	at com.mongodb.connection.netty.NettyStream$2$1.operationComplete(NettyStream.java:150) [mongodb-driver-core-3.8.2.jar:na]
	at io.netty.util.concurrent.DefaultPromise.notifyListener0(DefaultPromise.java:500) [netty-common-4.1.39.Final.jar:4.1.39.Final]
	at io.netty.util.concurrent.DefaultPromise.notifyListenersNow(DefaultPromise.java:474) [netty-common-4.1.39.Final.jar:4.1.39.Final]
	at io.netty.util.concurrent.DefaultPromise.notifyListeners(DefaultPromise.java:413) [netty-common-4.1.39.Final.jar:4.1.39.Final]
	at io.netty.util.concurrent.DefaultPromise.setValue0(DefaultPromise.java:538) [netty-common-4.1.39.Final.jar:4.1.39.Final]
	at io.netty.util.concurrent.DefaultPromise.setSuccess0(DefaultPromise.java:527) [netty-common-4.1.39.Final.jar:4.1.39.Final]
	at io.netty.util.concurrent.DefaultPromise.trySuccess(DefaultPromise.java:98) [netty-common-4.1.39.Final.jar:4.1.39.Final]
	at io.netty.channel.DefaultChannelPromise.trySuccess(DefaultChannelPromise.java:84) [netty-transport-4.1.39.Final.jar:4.1.39.Final]
	at io.netty.channel.AbstractChannel$CloseFuture.setClosed(AbstractChannel.java:1156) [netty-transport-4.1.39.Final.jar:4.1.39.Final]
	at io.netty.channel.AbstractChannel$AbstractUnsafe.doClose0(AbstractChannel.java:758) [netty-transport-4.1.39.Final.jar:4.1.39.Final]
	at io.netty.channel.AbstractChannel$AbstractUnsafe.close(AbstractChannel.java:734) [netty-transport-4.1.39.Final.jar:4.1.39.Final]
	at io.netty.channel.AbstractChannel$AbstractUnsafe.close(AbstractChannel.java:605) [netty-transport-4.1.39.Final.jar:4.1.39.Final]
	at io.netty.channel.nio.NioEventLoop.closeAll(NioEventLoop.java:745) [netty-transport-4.1.39.Final.jar:4.1.39.Final]
	at io.netty.channel.nio.NioEventLoop.run(NioEventLoop.java:524) [netty-transport-4.1.39.Final.jar:4.1.39.Final]
	at io.netty.util.concurrent.SingleThreadEventExecutor$5.run(SingleThreadEventExecutor.java:918) [netty-common-4.1.39.Final.jar:4.1.39.Final]
	at io.netty.util.internal.ThreadExecutorMap$2.run(ThreadExecutorMap.java:74) [netty-common-4.1.39.Final.jar:4.1.39.Final]
	at io.netty.util.concurrent.FastThreadLocalRunnable.run(FastThreadLocalRunnable.java:30) [netty-common-4.1.39.Final.jar:4.1.39.Final]
	at java.lang.Thread.run(Thread.java:748) [na:1.8.0_221]
27-09-2019 16:38:54.452 [nioEventLoopGroup-2-4] ERROR org.mongodb.driver.connection.error - Callback onResult call produced an error
java.lang.IllegalStateException: state should be: open
	at com.mongodb.assertions.Assertions.isTrue(Assertions.java:70) ~[mongodb-driver-core-3.8.2.jar:na]
	at com.mongodb.internal.connection.DefaultServer.invalidate(DefaultServer.java:125) ~[mongodb-driver-core-3.8.2.jar:na]
	at com.mongodb.internal.connection.DefaultServer.handleThrowable(DefaultServer.java:163) ~[mongodb-driver-core-3.8.2.jar:na]
	at com.mongodb.internal.connection.DefaultServer.access$600(DefaultServer.java:45) ~[mongodb-driver-core-3.8.2.jar:na]
	at com.mongodb.internal.connection.DefaultServer$DefaultServerProtocolExecutor$2.onResult(DefaultServer.java:223) ~[mongodb-driver-core-3.8.2.jar:na]
	at com.mongodb.internal.async.ErrorHandlingResultCallback.onResult(ErrorHandlingResultCallback.java:49) [mongodb-driver-core-3.8.2.jar:na]
	at com.mongodb.internal.connection.CommandProtocolImpl$1.onResult(CommandProtocolImpl.java:83) [mongodb-driver-core-3.8.2.jar:na]
	at com.mongodb.internal.connection.DefaultConnectionPool$PooledConnection$1.onResult(DefaultConnectionPool.java:461) [mongodb-driver-core-3.8.2.jar:na]
	at com.mongodb.internal.connection.UsageTrackingInternalConnection$2.onResult(UsageTrackingInternalConnection.java:111) [mongodb-driver-core-3.8.2.jar:na]
	at com.mongodb.internal.async.ErrorHandlingResultCallback.onResult(ErrorHandlingResultCallback.java:49) [mongodb-driver-core-3.8.2.jar:na]
	at com.mongodb.internal.connection.InternalStreamConnection$2$1.onResult(InternalStreamConnection.java:361) [mongodb-driver-core-3.8.2.jar:na]
	at com.mongodb.internal.connection.InternalStreamConnection$2$1.onResult(InternalStreamConnection.java:356) [mongodb-driver-core-3.8.2.jar:na]
	at com.mongodb.internal.connection.InternalStreamConnection$MessageHeaderCallback.onResult(InternalStreamConnection.java:603) [mongodb-driver-core-3.8.2.jar:na]
	at com.mongodb.internal.connection.InternalStreamConnection$MessageHeaderCallback.onResult(InternalStreamConnection.java:593) [mongodb-driver-core-3.8.2.jar:na]
	at com.mongodb.internal.connection.InternalStreamConnection$5.failed(InternalStreamConnection.java:500) [mongodb-driver-core-3.8.2.jar:na]
	at com.mongodb.connection.netty.NettyStream.readAsync(NettyStream.java:232) [mongodb-driver-core-3.8.2.jar:na]
	at com.mongodb.connection.netty.NettyStream.handleReadResponse(NettyStream.java:266) [mongodb-driver-core-3.8.2.jar:na]
	at com.mongodb.connection.netty.NettyStream.access$600(NettyStream.java:66) [mongodb-driver-core-3.8.2.jar:na]
	at com.mongodb.connection.netty.NettyStream$2$1.operationComplete(NettyStream.java:153) [mongodb-driver-core-3.8.2.jar:na]
	at com.mongodb.connection.netty.NettyStream$2$1.operationComplete(NettyStream.java:150) [mongodb-driver-core-3.8.2.jar:na]
	at io.netty.util.concurrent.DefaultPromise.notifyListener0(DefaultPromise.java:500) [netty-common-4.1.39.Final.jar:4.1.39.Final]
	at io.netty.util.concurrent.DefaultPromise.notifyListenersNow(DefaultPromise.java:474) [netty-common-4.1.39.Final.jar:4.1.39.Final]
	at io.netty.util.concurrent.DefaultPromise.notifyListeners(DefaultPromise.java:413) [netty-common-4.1.39.Final.jar:4.1.39.Final]
	at io.netty.util.concurrent.DefaultPromise.setValue0(DefaultPromise.java:538) [netty-common-4.1.39.Final.jar:4.1.39.Final]
	at io.netty.util.concurrent.DefaultPromise.setSuccess0(DefaultPromise.java:527) [netty-common-4.1.39.Final.jar:4.1.39.Final]
	at io.netty.util.concurrent.DefaultPromise.trySuccess(DefaultPromise.java:98) [netty-common-4.1.39.Final.jar:4.1.39.Final]
	at io.netty.channel.DefaultChannelPromise.trySuccess(DefaultChannelPromise.java:84) [netty-transport-4.1.39.Final.jar:4.1.39.Final]
	at io.netty.channel.AbstractChannel$CloseFuture.setClosed(AbstractChannel.java:1156) [netty-transport-4.1.39.Final.jar:4.1.39.Final]
	at io.netty.channel.AbstractChannel$AbstractUnsafe.doClose0(AbstractChannel.java:758) [netty-transport-4.1.39.Final.jar:4.1.39.Final]
	at io.netty.channel.AbstractChannel$AbstractUnsafe.close(AbstractChannel.java:734) [netty-transport-4.1.39.Final.jar:4.1.39.Final]
	at io.netty.channel.AbstractChannel$AbstractUnsafe.close(AbstractChannel.java:605) [netty-transport-4.1.39.Final.jar:4.1.39.Final]
	at io.netty.channel.nio.NioEventLoop.closeAll(NioEventLoop.java:745) [netty-transport-4.1.39.Final.jar:4.1.39.Final]
	at io.netty.channel.nio.NioEventLoop.run(NioEventLoop.java:524) [netty-transport-4.1.39.Final.jar:4.1.39.Final]
	at io.netty.util.concurrent.SingleThreadEventExecutor$5.run(SingleThreadEventExecutor.java:918) [netty-common-4.1.39.Final.jar:4.1.39.Final]
	at io.netty.util.internal.ThreadExecutorMap$2.run(ThreadExecutorMap.java:74) [netty-common-4.1.39.Final.jar:4.1.39.Final]
	at io.netty.util.concurrent.FastThreadLocalRunnable.run(FastThreadLocalRunnable.java:30) [netty-common-4.1.39.Final.jar:4.1.39.Final]
	at java.lang.Thread.run(Thread.java:748) [na:1.8.0_221]
27-09-2019 16:38:54.452 [nioEventLoopGroup-2-6] ERROR org.mongodb.driver.connection.error - Callback onResult call produced an error
java.lang.IllegalStateException: state should be: open
	at com.mongodb.assertions.Assertions.isTrue(Assertions.java:70) ~[mongodb-driver-core-3.8.2.jar:na]
	at com.mongodb.internal.connection.DefaultServer.invalidate(DefaultServer.java:125) ~[mongodb-driver-core-3.8.2.jar:na]
	at com.mongodb.internal.connection.DefaultServer$1.onResult(DefaultServer.java:104) ~[mongodb-driver-core-3.8.2.jar:na]
	at com.mongodb.internal.connection.DefaultServer$1.onResult(DefaultServer.java:98) ~[mongodb-driver-core-3.8.2.jar:na]
	at com.mongodb.internal.async.ErrorHandlingResultCallback.onResult(ErrorHandlingResultCallback.java:49) ~[mongodb-driver-core-3.8.2.jar:na]
	at com.mongodb.internal.connection.DefaultConnectionPool$2.onResult(DefaultConnectionPool.java:206) [mongodb-driver-core-3.8.2.jar:na]
	at com.mongodb.internal.connection.DefaultConnectionPool$2.onResult(DefaultConnectionPool.java:198) [mongodb-driver-core-3.8.2.jar:na]
	at com.mongodb.internal.connection.UsageTrackingInternalConnection$1.onResult(UsageTrackingInternalConnection.java:61) [mongodb-driver-core-3.8.2.jar:na]
	at com.mongodb.internal.connection.UsageTrackingInternalConnection$1.onResult(UsageTrackingInternalConnection.java:57) [mongodb-driver-core-3.8.2.jar:na]
	at com.mongodb.internal.connection.InternalStreamConnection$1$1.onResult(InternalStreamConnection.java:158) [mongodb-driver-core-3.8.2.jar:na]
	at com.mongodb.internal.connection.InternalStreamConnection$1$1.onResult(InternalStreamConnection.java:153) [mongodb-driver-core-3.8.2.jar:na]
	at com.mongodb.internal.connection.InternalStreamConnectionInitializer$1.onResult(InternalStreamConnectionInitializer.java:80) [mongodb-driver-core-3.8.2.jar:na]
	at com.mongodb.internal.connection.InternalStreamConnectionInitializer$1.onResult(InternalStreamConnectionInitializer.java:76) [mongodb-driver-core-3.8.2.jar:na]
	at com.mongodb.internal.connection.InternalStreamConnectionInitializer$2.onResult(InternalStreamConnectionInitializer.java:169) [mongodb-driver-core-3.8.2.jar:na]
	at com.mongodb.internal.connection.InternalStreamConnectionInitializer$2.onResult(InternalStreamConnectionInitializer.java:159) [mongodb-driver-core-3.8.2.jar:na]
	at com.mongodb.internal.connection.CommandHelper$1.onResult(CommandHelper.java:57) [mongodb-driver-core-3.8.2.jar:na]
	at com.mongodb.internal.connection.CommandHelper$1.onResult(CommandHelper.java:53) [mongodb-driver-core-3.8.2.jar:na]
	at com.mongodb.internal.connection.InternalStreamConnection$2$1.onResult(InternalStreamConnection.java:361) [mongodb-driver-core-3.8.2.jar:na]
	at com.mongodb.internal.connection.InternalStreamConnection$2$1.onResult(InternalStreamConnection.java:356) [mongodb-driver-core-3.8.2.jar:na]
	at com.mongodb.internal.connection.InternalStreamConnection$MessageHeaderCallback.onResult(InternalStreamConnection.java:603) [mongodb-driver-core-3.8.2.jar:na]
	at com.mongodb.internal.connection.InternalStreamConnection$MessageHeaderCallback.onResult(InternalStreamConnection.java:593) [mongodb-driver-core-3.8.2.jar:na]
	at com.mongodb.internal.connection.InternalStreamConnection$5.failed(InternalStreamConnection.java:500) [mongodb-driver-core-3.8.2.jar:na]
	at com.mongodb.connection.netty.NettyStream.readAsync(NettyStream.java:232) [mongodb-driver-core-3.8.2.jar:na]
	at com.mongodb.connection.netty.NettyStream.handleReadResponse(NettyStream.java:266) [mongodb-driver-core-3.8.2.jar:na]
	at com.mongodb.connection.netty.NettyStream.access$600(NettyStream.java:66) [mongodb-driver-core-3.8.2.jar:na]
	at com.mongodb.connection.netty.NettyStream$2$1.operationComplete(NettyStream.java:153) [mongodb-driver-core-3.8.2.jar:na]
	at com.mongodb.connection.netty.NettyStream$2$1.operationComplete(NettyStream.java:150) [mongodb-driver-core-3.8.2.jar:na]
	at io.netty.util.concurrent.DefaultPromise.notifyListener0(DefaultPromise.java:500) [netty-common-4.1.39.Final.jar:4.1.39.Final]
	at io.netty.util.concurrent.DefaultPromise.notifyListenersNow(DefaultPromise.java:474) [netty-common-4.1.39.Final.jar:4.1.39.Final]
	at io.netty.util.concurrent.DefaultPromise.notifyListeners(DefaultPromise.java:413) [netty-common-4.1.39.Final.jar:4.1.39.Final]
	at io.netty.util.concurrent.DefaultPromise.setValue0(DefaultPromise.java:538) [netty-common-4.1.39.Final.jar:4.1.39.Final]
	at io.netty.util.concurrent.DefaultPromise.setSuccess0(DefaultPromise.java:527) [netty-common-4.1.39.Final.jar:4.1.39.Final]
	at io.netty.util.concurrent.DefaultPromise.trySuccess(DefaultPromise.java:98) [netty-common-4.1.39.Final.jar:4.1.39.Final]
	at io.netty.channel.DefaultChannelPromise.trySuccess(DefaultChannelPromise.java:84) [netty-transport-4.1.39.Final.jar:4.1.39.Final]
	at io.netty.channel.AbstractChannel$CloseFuture.setClosed(AbstractChannel.java:1156) [netty-transport-4.1.39.Final.jar:4.1.39.Final]
	at io.netty.channel.AbstractChannel$AbstractUnsafe.doClose0(AbstractChannel.java:758) [netty-transport-4.1.39.Final.jar:4.1.39.Final]
	at io.netty.channel.AbstractChannel$AbstractUnsafe.close(AbstractChannel.java:734) [netty-transport-4.1.39.Final.jar:4.1.39.Final]
	at io.netty.channel.AbstractChannel$AbstractUnsafe.close(AbstractChannel.java:605) [netty-transport-4.1.39.Final.jar:4.1.39.Final]
	at io.netty.channel.nio.NioEventLoop.closeAll(NioEventLoop.java:745) [netty-transport-4.1.39.Final.jar:4.1.39.Final]
	at io.netty.channel.nio.NioEventLoop.run(NioEventLoop.java:524) [netty-transport-4.1.39.Final.jar:4.1.39.Final]
	at io.netty.util.concurrent.SingleThreadEventExecutor$5.run(SingleThreadEventExecutor.java:918) [netty-common-4.1.39.Final.jar:4.1.39.Final]
	at io.netty.util.internal.ThreadExecutorMap$2.run(ThreadExecutorMap.java:74) [netty-common-4.1.39.Final.jar:4.1.39.Final]
	at io.netty.util.concurrent.FastThreadLocalRunnable.run(FastThreadLocalRunnable.java:30) [netty-common-4.1.39.Final.jar:4.1.39.Final]
	at java.lang.Thread.run(Thread.java:748) [na:1.8.0_221]
27-09-2019 16:38:54.454 [nioEventLoopGroup-2-6] INFO  org.mongodb.driver.connection.info - Closed connection [connectionId{localValue:7}] to localhost:27017 because there was a socket exception raised by this connection.
27-09-2019 16:38:54.457 [nioEventLoopGroup-2-7] ERROR org.mongodb.driver.connection.error - Callback onResult call produced an error
java.lang.IllegalStateException: state should be: open
	at com.mongodb.assertions.Assertions.isTrue(Assertions.java:70) ~[mongodb-driver-core-3.8.2.jar:na]
	at com.mongodb.internal.connection.DefaultServer.invalidate(DefaultServer.java:125) ~[mongodb-driver-core-3.8.2.jar:na]
	at com.mongodb.internal.connection.DefaultServer$1.onResult(DefaultServer.java:104) ~[mongodb-driver-core-3.8.2.jar:na]
	at com.mongodb.internal.connection.DefaultServer$1.onResult(DefaultServer.java:98) ~[mongodb-driver-core-3.8.2.jar:na]
	at com.mongodb.internal.async.ErrorHandlingResultCallback.onResult(ErrorHandlingResultCallback.java:49) ~[mongodb-driver-core-3.8.2.jar:na]
	at com.mongodb.internal.connection.DefaultConnectionPool$2.onResult(DefaultConnectionPool.java:206) [mongodb-driver-core-3.8.2.jar:na]
	at com.mongodb.internal.connection.DefaultConnectionPool$2.onResult(DefaultConnectionPool.java:198) [mongodb-driver-core-3.8.2.jar:na]
	at com.mongodb.internal.connection.UsageTrackingInternalConnection$1.onResult(UsageTrackingInternalConnection.java:61) [mongodb-driver-core-3.8.2.jar:na]
	at com.mongodb.internal.connection.UsageTrackingInternalConnection$1.onResult(UsageTrackingInternalConnection.java:57) [mongodb-driver-core-3.8.2.jar:na]
	at com.mongodb.internal.connection.InternalStreamConnection$1$1.onResult(InternalStreamConnection.java:158) [mongodb-driver-core-3.8.2.jar:na]
	at com.mongodb.internal.connection.InternalStreamConnection$1$1.onResult(InternalStreamConnection.java:153) [mongodb-driver-core-3.8.2.jar:na]
	at com.mongodb.internal.connection.InternalStreamConnectionInitializer$1.onResult(InternalStreamConnectionInitializer.java:80) [mongodb-driver-core-3.8.2.jar:na]
	at com.mongodb.internal.connection.InternalStreamConnectionInitializer$1.onResult(InternalStreamConnectionInitializer.java:76) [mongodb-driver-core-3.8.2.jar:na]
	at com.mongodb.internal.connection.InternalStreamConnectionInitializer$2.onResult(InternalStreamConnectionInitializer.java:169) [mongodb-driver-core-3.8.2.jar:na]
	at com.mongodb.internal.connection.InternalStreamConnectionInitializer$2.onResult(InternalStreamConnectionInitializer.java:159) [mongodb-driver-core-3.8.2.jar:na]
	at com.mongodb.internal.connection.CommandHelper$1.onResult(CommandHelper.java:57) [mongodb-driver-core-3.8.2.jar:na]
	at com.mongodb.internal.connection.CommandHelper$1.onResult(CommandHelper.java:53) [mongodb-driver-core-3.8.2.jar:na]
	at com.mongodb.internal.connection.InternalStreamConnection$2$1.onResult(InternalStreamConnection.java:361) [mongodb-driver-core-3.8.2.jar:na]
	at com.mongodb.internal.connection.InternalStreamConnection$2$1.onResult(InternalStreamConnection.java:356) [mongodb-driver-core-3.8.2.jar:na]
	at com.mongodb.internal.connection.InternalStreamConnection$MessageHeaderCallback.onResult(InternalStreamConnection.java:603) [mongodb-driver-core-3.8.2.jar:na]
	at com.mongodb.internal.connection.InternalStreamConnection$MessageHeaderCallback.onResult(InternalStreamConnection.java:593) [mongodb-driver-core-3.8.2.jar:na]
	at com.mongodb.internal.connection.InternalStreamConnection$5.failed(InternalStreamConnection.java:500) [mongodb-driver-core-3.8.2.jar:na]
	at com.mongodb.connection.netty.NettyStream.readAsync(NettyStream.java:232) [mongodb-driver-core-3.8.2.jar:na]
	at com.mongodb.connection.netty.NettyStream.handleReadResponse(NettyStream.java:266) [mongodb-driver-core-3.8.2.jar:na]
	at com.mongodb.connection.netty.NettyStream.access$600(NettyStream.java:66) [mongodb-driver-core-3.8.2.jar:na]
	at com.mongodb.connection.netty.NettyStream$2$1.operationComplete(NettyStream.java:153) [mongodb-driver-core-3.8.2.jar:na]
	at com.mongodb.connection.netty.NettyStream$2$1.operationComplete(NettyStream.java:150) [mongodb-driver-core-3.8.2.jar:na]
	at io.netty.util.concurrent.DefaultPromise.notifyListener0(DefaultPromise.java:500) [netty-common-4.1.39.Final.jar:4.1.39.Final]
	at io.netty.util.concurrent.DefaultPromise.notifyListenersNow(DefaultPromise.java:474) [netty-common-4.1.39.Final.jar:4.1.39.Final]
	at io.netty.util.concurrent.DefaultPromise.notifyListeners(DefaultPromise.java:413) [netty-common-4.1.39.Final.jar:4.1.39.Final]
	at io.netty.util.concurrent.DefaultPromise.setValue0(DefaultPromise.java:538) [netty-common-4.1.39.Final.jar:4.1.39.Final]
	at io.netty.util.concurrent.DefaultPromise.setSuccess0(DefaultPromise.java:527) [netty-common-4.1.39.Final.jar:4.1.39.Final]
	at io.netty.util.concurrent.DefaultPromise.trySuccess(DefaultPromise.java:98) [netty-common-4.1.39.Final.jar:4.1.39.Final]
	at io.netty.channel.DefaultChannelPromise.trySuccess(DefaultChannelPromise.java:84) [netty-transport-4.1.39.Final.jar:4.1.39.Final]
	at io.netty.channel.AbstractChannel$CloseFuture.setClosed(AbstractChannel.java:1156) [netty-transport-4.1.39.Final.jar:4.1.39.Final]
	at io.netty.channel.AbstractChannel$AbstractUnsafe.doClose0(AbstractChannel.java:758) [netty-transport-4.1.39.Final.jar:4.1.39.Final]
	at io.netty.channel.AbstractChannel$AbstractUnsafe.close(AbstractChannel.java:734) [netty-transport-4.1.39.Final.jar:4.1.39.Final]
	at io.netty.channel.AbstractChannel$AbstractUnsafe.close(AbstractChannel.java:605) [netty-transport-4.1.39.Final.jar:4.1.39.Final]
	at io.netty.channel.nio.NioEventLoop.closeAll(NioEventLoop.java:745) [netty-transport-4.1.39.Final.jar:4.1.39.Final]
	at io.netty.channel.nio.NioEventLoop.run(NioEventLoop.java:524) [netty-transport-4.1.39.Final.jar:4.1.39.Final]
	at io.netty.util.concurrent.SingleThreadEventExecutor$5.run(SingleThreadEventExecutor.java:918) [netty-common-4.1.39.Final.jar:4.1.39.Final]
	at io.netty.util.internal.ThreadExecutorMap$2.run(ThreadExecutorMap.java:74) [netty-common-4.1.39.Final.jar:4.1.39.Final]
	at io.netty.util.concurrent.FastThreadLocalRunnable.run(FastThreadLocalRunnable.java:30) [netty-common-4.1.39.Final.jar:4.1.39.Final]
	at java.lang.Thread.run(Thread.java:748) [na:1.8.0_221]
27-09-2019 16:38:54.458 [nioEventLoopGroup-2-7] INFO  org.mongodb.driver.connection.info - Closed connection [connectionId{localValue:8}] to localhost:27017 because there was a socket exception raised by this connection.
27-09-2019 16:38:54.458 [nioEventLoopGroup-2-8] ERROR org.mongodb.driver.connection.error - Callback onResult call produced an error
java.lang.IllegalStateException: state should be: open
	at com.mongodb.assertions.Assertions.isTrue(Assertions.java:70) ~[mongodb-driver-core-3.8.2.jar:na]
	at com.mongodb.internal.connection.DefaultServer.invalidate(DefaultServer.java:125) ~[mongodb-driver-core-3.8.2.jar:na]
	at com.mongodb.internal.connection.DefaultServer$1.onResult(DefaultServer.java:104) ~[mongodb-driver-core-3.8.2.jar:na]
	at com.mongodb.internal.connection.DefaultServer$1.onResult(DefaultServer.java:98) ~[mongodb-driver-core-3.8.2.jar:na]
	at com.mongodb.internal.async.ErrorHandlingResultCallback.onResult(ErrorHandlingResultCallback.java:49) ~[mongodb-driver-core-3.8.2.jar:na]
	at com.mongodb.internal.connection.DefaultConnectionPool$2.onResult(DefaultConnectionPool.java:206) [mongodb-driver-core-3.8.2.jar:na]
	at com.mongodb.internal.connection.DefaultConnectionPool$2.onResult(DefaultConnectionPool.java:198) [mongodb-driver-core-3.8.2.jar:na]
	at com.mongodb.internal.connection.UsageTrackingInternalConnection$1.onResult(UsageTrackingInternalConnection.java:61) [mongodb-driver-core-3.8.2.jar:na]
	at com.mongodb.internal.connection.UsageTrackingInternalConnection$1.onResult(UsageTrackingInternalConnection.java:57) [mongodb-driver-core-3.8.2.jar:na]
	at com.mongodb.internal.connection.InternalStreamConnection$1$1.onResult(InternalStreamConnection.java:158) [mongodb-driver-core-3.8.2.jar:na]
	at com.mongodb.internal.connection.InternalStreamConnection$1$1.onResult(InternalStreamConnection.java:153) [mongodb-driver-core-3.8.2.jar:na]
	at com.mongodb.internal.connection.InternalStreamConnectionInitializer$1.onResult(InternalStreamConnectionInitializer.java:80) [mongodb-driver-core-3.8.2.jar:na]
	at com.mongodb.internal.connection.InternalStreamConnectionInitializer$1.onResult(InternalStreamConnectionInitializer.java:76) [mongodb-driver-core-3.8.2.jar:na]
	at com.mongodb.internal.connection.InternalStreamConnectionInitializer$2.onResult(InternalStreamConnectionInitializer.java:169) [mongodb-driver-core-3.8.2.jar:na]
	at com.mongodb.internal.connection.InternalStreamConnectionInitializer$2.onResult(InternalStreamConnectionInitializer.java:159) [mongodb-driver-core-3.8.2.jar:na]
	at com.mongodb.internal.connection.CommandHelper$1.onResult(CommandHelper.java:57) [mongodb-driver-core-3.8.2.jar:na]
	at com.mongodb.internal.connection.CommandHelper$1.onResult(CommandHelper.java:53) [mongodb-driver-core-3.8.2.jar:na]
	at com.mongodb.internal.connection.InternalStreamConnection$2$1.onResult(InternalStreamConnection.java:361) [mongodb-driver-core-3.8.2.jar:na]
	at com.mongodb.internal.connection.InternalStreamConnection$2$1.onResult(InternalStreamConnection.java:356) [mongodb-driver-core-3.8.2.jar:na]
	at com.mongodb.internal.connection.InternalStreamConnection$MessageHeaderCallback.onResult(InternalStreamConnection.java:603) [mongodb-driver-core-3.8.2.jar:na]
	at com.mongodb.internal.connection.InternalStreamConnection$MessageHeaderCallback.onResult(InternalStreamConnection.java:593) [mongodb-driver-core-3.8.2.jar:na]
	at com.mongodb.internal.connection.InternalStreamConnection$5.failed(InternalStreamConnection.java:500) [mongodb-driver-core-3.8.2.jar:na]
	at com.mongodb.connection.netty.NettyStream.readAsync(NettyStream.java:232) [mongodb-driver-core-3.8.2.jar:na]
	at com.mongodb.connection.netty.NettyStream.handleReadResponse(NettyStream.java:266) [mongodb-driver-core-3.8.2.jar:na]
	at com.mongodb.connection.netty.NettyStream.access$600(NettyStream.java:66) [mongodb-driver-core-3.8.2.jar:na]
	at com.mongodb.connection.netty.NettyStream$2$1.operationComplete(NettyStream.java:153) [mongodb-driver-core-3.8.2.jar:na]
	at com.mongodb.connection.netty.NettyStream$2$1.operationComplete(NettyStream.java:150) [mongodb-driver-core-3.8.2.jar:na]
	at io.netty.util.concurrent.DefaultPromise.notifyListener0(DefaultPromise.java:500) [netty-common-4.1.39.Final.jar:4.1.39.Final]
	at io.netty.util.concurrent.DefaultPromise.notifyListenersNow(DefaultPromise.java:474) [netty-common-4.1.39.Final.jar:4.1.39.Final]
	at io.netty.util.concurrent.DefaultPromise.notifyListeners(DefaultPromise.java:413) [netty-common-4.1.39.Final.jar:4.1.39.Final]
	at io.netty.util.concurrent.DefaultPromise.setValue0(DefaultPromise.java:538) [netty-common-4.1.39.Final.jar:4.1.39.Final]
	at io.netty.util.concurrent.DefaultPromise.setSuccess0(DefaultPromise.java:527) [netty-common-4.1.39.Final.jar:4.1.39.Final]
	at io.netty.util.concurrent.DefaultPromise.trySuccess(DefaultPromise.java:98) [netty-common-4.1.39.Final.jar:4.1.39.Final]
	at io.netty.channel.DefaultChannelPromise.trySuccess(DefaultChannelPromise.java:84) [netty-transport-4.1.39.Final.jar:4.1.39.Final]
	at io.netty.channel.AbstractChannel$CloseFuture.setClosed(AbstractChannel.java:1156) [netty-transport-4.1.39.Final.jar:4.1.39.Final]
	at io.netty.channel.AbstractChannel$AbstractUnsafe.doClose0(AbstractChannel.java:758) [netty-transport-4.1.39.Final.jar:4.1.39.Final]
	at io.netty.channel.AbstractChannel$AbstractUnsafe.close(AbstractChannel.java:734) [netty-transport-4.1.39.Final.jar:4.1.39.Final]
	at io.netty.channel.AbstractChannel$AbstractUnsafe.close(AbstractChannel.java:605) [netty-transport-4.1.39.Final.jar:4.1.39.Final]
	at io.netty.channel.nio.NioEventLoop.closeAll(NioEventLoop.java:745) [netty-transport-4.1.39.Final.jar:4.1.39.Final]
	at io.netty.channel.nio.NioEventLoop.run(NioEventLoop.java:524) [netty-transport-4.1.39.Final.jar:4.1.39.Final]
	at io.netty.util.concurrent.SingleThreadEventExecutor$5.run(SingleThreadEventExecutor.java:918) [netty-common-4.1.39.Final.jar:4.1.39.Final]
	at io.netty.util.internal.ThreadExecutorMap$2.run(ThreadExecutorMap.java:74) [netty-common-4.1.39.Final.jar:4.1.39.Final]
	at io.netty.util.concurrent.FastThreadLocalRunnable.run(FastThreadLocalRunnable.java:30) [netty-common-4.1.39.Final.jar:4.1.39.Final]
	at java.lang.Thread.run(Thread.java:748) [na:1.8.0_221]
27-09-2019 16:38:54.460 [nioEventLoopGroup-2-8] INFO  org.mongodb.driver.connection.info - Closed connection [connectionId{localValue:9}] to localhost:27017 because there was a socket exception raised by this connection.
27-09-2019 16:38:56.675 [Thread-8] INFO  c.netflix.discovery.DiscoveryClient.shutdown - Shutting down DiscoveryClient ...
27-09-2019 16:38:59.681 [Thread-8] INFO  c.netflix.discovery.DiscoveryClient.unregister - Unregistering ...
27-09-2019 16:38:59.754 [Thread-8] INFO  c.netflix.discovery.DiscoveryClient.unregister - DiscoveryClient_SPRING-TEACHERS/LIM-FLTWM72.usersad.everis.int:spring-teachers:8085 - deregister  status: 200
27-09-2019 16:38:59.824 [Thread-8] INFO  c.netflix.discovery.DiscoveryClient.shutdown - Completed shut down of DiscoveryClient
27-09-2019 17:03:15.956 [restartedMain] INFO  j.r.e.p.a.SpringBootProyectoEverisTeacherApplication.logStartupProfileInfo - No active profile set, falling back to default profiles: default
27-09-2019 17:03:19.743 [restartedMain] INFO  o.s.d.r.c.RepositoryConfigurationDelegate.registerRepositoriesIn - Bootstrapping Spring Data repositories in DEFAULT mode.
27-09-2019 17:03:19.847 [restartedMain] INFO  o.s.d.r.c.RepositoryConfigurationDelegate.registerRepositoriesIn - Finished Spring Data repository scanning in 97ms. Found 2 repository interfaces.
27-09-2019 17:03:19.855 [restartedMain] INFO  o.s.d.r.c.RepositoryConfigurationDelegate.registerRepositoriesIn - Bootstrapping Spring Data repositories in DEFAULT mode.
27-09-2019 17:03:19.867 [restartedMain] INFO  o.s.d.r.c.RepositoryConfigurationDelegate.registerRepositoriesIn - Finished Spring Data repository scanning in 10ms. Found 0 repository interfaces.
27-09-2019 17:03:20.245 [restartedMain] WARN  o.s.boot.actuate.endpoint.EndpointId.logWarning - Endpoint ID 'service-registry' contains invalid characters, please migrate to a valid format.
27-09-2019 17:03:20.644 [restartedMain] INFO  o.s.cloud.context.scope.GenericScope.setSerializationId - BeanFactory id=706e93ea-429e-3b2b-bb86-c1083691dc4e
27-09-2019 17:03:20.796 [restartedMain] INFO  o.s.c.s.PostProcessorRegistrationDelegate$BeanPostProcessorChecker.postProcessAfterInitialization - Bean 'org.springframework.cloud.autoconfigure.ConfigurationPropertiesRebinderAutoConfiguration' of type [org.springframework.cloud.autoconfigure.ConfigurationPropertiesRebinderAutoConfiguration$$EnhancerBySpringCGLIB$$30c0caf4] is not eligible for getting processed by all BeanPostProcessors (for example: not eligible for auto-proxying)
27-09-2019 17:03:22.945 [restartedMain] INFO  org.mongodb.driver.cluster.info - Cluster created with settings {hosts=[localhost:27017], mode=SINGLE, requiredClusterType=UNKNOWN, serverSelectionTimeout='30000 ms', maxWaitQueueSize=500}
27-09-2019 17:03:24.969 [restartedMain] INFO  org.mongodb.driver.cluster.info - Cluster created with settings {hosts=[localhost:27017], mode=SINGLE, requiredClusterType=UNKNOWN, serverSelectionTimeout='30000 ms', maxWaitQueueSize=500}
27-09-2019 17:03:25.530 [cluster-ClusterId{value='5d8e872cf06fc33af43b7246', description='null'}-localhost:27017] INFO  org.mongodb.driver.connection.info - Opened connection [connectionId{localValue:2, serverValue:3326}] to localhost:27017
27-09-2019 17:03:25.542 [cluster-ClusterId{value='5d8e872cf06fc33af43b7246', description='null'}-localhost:27017] INFO  org.mongodb.driver.cluster.info - Monitor thread successfully connected to server with description ServerDescription{address=localhost:27017, type=STANDALONE, state=CONNECTED, ok=true, version=ServerVersion{versionList=[4, 2, 0]}, minWireVersion=0, maxWireVersion=8, maxDocumentSize=16777216, logicalSessionTimeoutMinutes=30, roundTripTimeNanos=6936489}
27-09-2019 17:03:26.115 [cluster-ClusterId{value='5d8e872af06fc33af43b7245', description='null'}-localhost:27017] INFO  org.mongodb.driver.connection.info - Opened connection [connectionId{localValue:1, serverValue:3327}] to localhost:27017
27-09-2019 17:03:26.143 [cluster-ClusterId{value='5d8e872af06fc33af43b7245', description='null'}-localhost:27017] INFO  org.mongodb.driver.cluster.info - Monitor thread successfully connected to server with description ServerDescription{address=localhost:27017, type=STANDALONE, state=CONNECTED, ok=true, version=ServerVersion{versionList=[4, 2, 0]}, minWireVersion=0, maxWireVersion=8, maxDocumentSize=16777216, logicalSessionTimeoutMinutes=30, roundTripTimeNanos=26677638}
27-09-2019 17:03:26.285 [restartedMain] WARN  o.s.b.d.a.OptionalLiveReloadServer.startServer - Unable to start LiveReload server
27-09-2019 17:03:29.452 [restartedMain] WARN  c.n.c.sources.URLConfigurationSource.<init> - No URLs will be polled as dynamic configuration sources.
27-09-2019 17:03:29.455 [restartedMain] INFO  c.n.c.sources.URLConfigurationSource.<init> - To enable URLs as dynamic configuration sources, define System property archaius.configurationSource.additionalUrls or make config.properties available on classpath.
27-09-2019 17:03:29.473 [restartedMain] INFO  c.n.config.DynamicPropertyFactory.getInstance - DynamicPropertyFactory is initialized with configuration sources: com.netflix.config.ConcurrentCompositeConfiguration@4f1d6068
27-09-2019 17:03:29.700 [restartedMain] INFO  o.s.b.a.e.web.EndpointLinksResolver.<init> - Exposing 2 endpoint(s) beneath base path '/actuator'
27-09-2019 17:03:29.881 [restartedMain] WARN  c.n.c.sources.URLConfigurationSource.<init> - No URLs will be polled as dynamic configuration sources.
27-09-2019 17:03:29.882 [restartedMain] INFO  c.n.c.sources.URLConfigurationSource.<init> - To enable URLs as dynamic configuration sources, define System property archaius.configurationSource.additionalUrls or make config.properties available on classpath.
27-09-2019 17:03:30.328 [restartedMain] WARN  o.s.b.a.t.ThymeleafAutoConfiguration$DefaultTemplateResolverConfiguration.checkTemplateLocationExists - Cannot find template location: classpath:/templates/ (please add some templates or check your Thymeleaf configuration)
27-09-2019 17:03:32.863 [restartedMain] INFO  o.s.c.n.eureka.InstanceInfoFactory.create - Setting initial instance status as: STARTING
27-09-2019 17:03:32.929 [restartedMain] INFO  c.netflix.discovery.DiscoveryClient.<init> - Initializing Eureka in region us-east-1
27-09-2019 17:03:33.063 [restartedMain] INFO  c.n.d.p.DiscoveryJerseyProvider.<init> - Using JSON encoding codec LegacyJacksonJson
27-09-2019 17:03:33.063 [restartedMain] INFO  c.n.d.p.DiscoveryJerseyProvider.<init> - Using JSON decoding codec LegacyJacksonJson
27-09-2019 17:03:33.335 [restartedMain] INFO  c.n.d.p.DiscoveryJerseyProvider.<init> - Using XML encoding codec XStreamXml
27-09-2019 17:03:33.336 [restartedMain] INFO  c.n.d.p.DiscoveryJerseyProvider.<init> - Using XML decoding codec XStreamXml
27-09-2019 17:03:33.789 [restartedMain] INFO  c.n.d.s.r.aws.ConfigClusterResolver.getClusterEndpoints - Resolving eureka endpoints via configuration
27-09-2019 17:03:34.634 [restartedMain] INFO  c.netflix.discovery.DiscoveryClient.fetchRegistry - Disable delta property : false
27-09-2019 17:03:34.635 [restartedMain] INFO  c.netflix.discovery.DiscoveryClient.fetchRegistry - Single vip registry refresh property : null
27-09-2019 17:03:34.636 [restartedMain] INFO  c.netflix.discovery.DiscoveryClient.fetchRegistry - Force full registry fetch : false
27-09-2019 17:03:34.637 [restartedMain] INFO  c.netflix.discovery.DiscoveryClient.fetchRegistry - Application is null : false
27-09-2019 17:03:34.637 [restartedMain] INFO  c.netflix.discovery.DiscoveryClient.fetchRegistry - Registered Applications size is zero : true
27-09-2019 17:03:34.638 [restartedMain] INFO  c.netflix.discovery.DiscoveryClient.fetchRegistry - Application version is -1: true
27-09-2019 17:03:34.638 [restartedMain] INFO  c.netflix.discovery.DiscoveryClient.getAndStoreFullRegistry - Getting all instance registry info from the eureka server
27-09-2019 17:03:34.959 [restartedMain] INFO  c.netflix.discovery.DiscoveryClient.getAndStoreFullRegistry - The response status is 200
27-09-2019 17:03:34.969 [restartedMain] INFO  c.netflix.discovery.DiscoveryClient.initScheduledTasks - Starting heartbeat executor: renew interval is: 30
27-09-2019 17:03:34.979 [restartedMain] INFO  c.n.discovery.InstanceInfoReplicator.<init> - InstanceInfoReplicator onDemand update allowed rate per min is 4
27-09-2019 17:03:34.986 [restartedMain] INFO  c.netflix.discovery.DiscoveryClient.<init> - Discovery Client initialized at timestamp 1569621814984 with initial instances count: 3
27-09-2019 17:03:34.989 [restartedMain] INFO  o.s.c.n.e.s.EurekaServiceRegistry.register - Registering application SPRING-TEACHERS with eureka with status UP
27-09-2019 17:03:34.990 [restartedMain] INFO  c.netflix.discovery.DiscoveryClient.notify - Saw local status change event StatusChangeEvent [timestamp=1569621814990, current=UP, previous=STARTING]
27-09-2019 17:03:34.994 [DiscoveryClient-InstanceInfoReplicator-0] INFO  c.netflix.discovery.DiscoveryClient.register - DiscoveryClient_SPRING-TEACHERS/LIM-FLTWM72.usersad.everis.int:spring-teachers:8085: registering service...
27-09-2019 17:03:34.995 [restartedMain] INFO  s.d.s.w.p.DocumentationPluginsBootstrapper.start - Documentation plugins bootstrapped
27-09-2019 17:03:35.016 [restartedMain] INFO  s.d.s.w.p.DocumentationPluginsBootstrapper.bootstrapDocumentationPlugins - Found 1 custom documentation plugin(s)
27-09-2019 17:03:35.049 [DiscoveryClient-InstanceInfoReplicator-0] INFO  c.netflix.discovery.DiscoveryClient.register - DiscoveryClient_SPRING-TEACHERS/LIM-FLTWM72.usersad.everis.int:spring-teachers:8085 - registration status: 204
27-09-2019 17:03:35.150 [restartedMain] INFO  s.d.s.w.s.ApiListingReferenceScanner.scan - Scanning for api listing references
27-09-2019 17:03:35.822 [restartedMain] INFO  s.d.s.w.r.o.CachingOperationNameGenerator.startingWith - Generating unique operation named: handleUsingGET_1
27-09-2019 17:03:35.889 [restartedMain] INFO  s.d.s.w.r.o.CachingOperationNameGenerator.startingWith - Generating unique operation named: handleUsingGET_2
27-09-2019 17:03:35.959 [restartedMain] INFO  s.d.s.w.r.o.CachingOperationNameGenerator.startingWith - Generating unique operation named: handleUsingGET_3
27-09-2019 17:03:36.903 [restartedMain] INFO  o.s.b.w.e.netty.NettyWebServer.start - Netty started on port(s): 8085
27-09-2019 17:03:36.907 [restartedMain] INFO  o.s.c.n.e.s.EurekaAutoServiceRegistration.onApplicationEvent - Updating port to 8085
27-09-2019 17:03:38.143 [restartedMain] INFO  j.r.e.p.a.SpringBootProyectoEverisTeacherApplication.logStarted - Started SpringBootProyectoEverisTeacherApplication in 30.399 seconds (JVM running for 34.56)
27-09-2019 17:03:38.560 [nioEventLoopGroup-2-2] INFO  org.mongodb.driver.connection.info - Opened connection [connectionId{localValue:3, serverValue:3328}] to localhost:27017
27-09-2019 17:03:38.567 [nioEventLoopGroup-2-3] INFO  org.mongodb.driver.connection.info - Opened connection [connectionId{localValue:4, serverValue:3329}] to localhost:27017
27-09-2019 17:03:38.574 [nioEventLoopGroup-2-5] INFO  org.mongodb.driver.connection.info - Opened connection [connectionId{localValue:6, serverValue:3331}] to localhost:27017
27-09-2019 17:03:39.446 [nioEventLoopGroup-2-4] INFO  org.mongodb.driver.connection.info - Opened connection [connectionId{localValue:5, serverValue:3330}] to localhost:27017
27-09-2019 17:03:44.295 [nioEventLoopGroup-2-4] INFO  j.r.e.p.a.SpringBootProyectoEverisTeacherApplication.lambda$run$1 - Cantidad de curso : oneCourse
27-09-2019 17:03:44.428 [nioEventLoopGroup-2-5] INFO  j.r.e.p.a.SpringBootProyectoEverisTeacherApplication.lambda$run$1 - Cantidad de curso : twoCourse
27-09-2019 17:03:44.494 [nioEventLoopGroup-2-7] INFO  org.mongodb.driver.connection.info - Opened connection [connectionId{localValue:8, serverValue:3333}] to localhost:27017
27-09-2019 17:03:44.497 [nioEventLoopGroup-2-8] INFO  org.mongodb.driver.connection.info - Opened connection [connectionId{localValue:9, serverValue:3334}] to localhost:27017
27-09-2019 17:03:44.514 [nioEventLoopGroup-2-6] INFO  org.mongodb.driver.connection.info - Opened connection [connectionId{localValue:7, serverValue:3332}] to localhost:27017
27-09-2019 17:03:45.822 [nioEventLoopGroup-2-7] INFO  j.r.e.p.a.SpringBootProyectoEverisTeacherApplication.lambda$run$3 - insert :Isabel
27-09-2019 17:03:45.829 [nioEventLoopGroup-2-4] INFO  j.r.e.p.a.SpringBootProyectoEverisTeacherApplication.lambda$run$3 - insert :Hal
27-09-2019 17:03:46.038 [nioEventLoopGroup-2-5] INFO  j.r.e.p.a.SpringBootProyectoEverisTeacherApplication.lambda$run$3 - insert :Venon
27-09-2019 17:03:46.223 [nioEventLoopGroup-2-8] INFO  j.r.e.p.a.SpringBootProyectoEverisTeacherApplication.lambda$run$3 - insert :Abella
27-09-2019 17:03:46.234 [nioEventLoopGroup-2-6] INFO  j.r.e.p.a.SpringBootProyectoEverisTeacherApplication.lambda$run$3 - insert :Adeline
27-09-2019 17:03:46.247 [nioEventLoopGroup-2-2] INFO  j.r.e.p.a.SpringBootProyectoEverisTeacherApplication.lambda$run$3 - insert :Edgar
27-09-2019 17:03:46.249 [nioEventLoopGroup-2-2] INFO  j.r.e.p.a.SpringBootProyectoEverisTeacherApplication.lambda$run$3 - insert :Selena
27-09-2019 17:08:34.651 [AsyncResolver-bootstrap-executor-0] INFO  c.n.d.s.r.aws.ConfigClusterResolver.getClusterEndpoints - Resolving eureka endpoints via configuration
27-09-2019 17:13:35.023 [AsyncResolver-bootstrap-executor-0] INFO  c.n.d.s.r.aws.ConfigClusterResolver.getClusterEndpoints - Resolving eureka endpoints via configuration
27-09-2019 17:18:35.274 [AsyncResolver-bootstrap-executor-0] INFO  c.n.d.s.r.aws.ConfigClusterResolver.getClusterEndpoints - Resolving eureka endpoints via configuration
27-09-2019 17:23:35.319 [AsyncResolver-bootstrap-executor-0] INFO  c.n.d.s.r.aws.ConfigClusterResolver.getClusterEndpoints - Resolving eureka endpoints via configuration
